<?xml version="1.0" encoding="UTF-8"?>
<coverage generated="1532596071">
  <project timestamp="1532596071">
    <package name="CwsOps\LivePerson\Account">
      <file name="/Users/james/PhpstormProjects/liveperson/src/Account/Config.php">
        <class name="CwsOps\LivePerson\Account\Config" namespace="CwsOps\LivePerson\Account" fullPackage="CwsOps" package="CwsOps">
          <metrics complexity="7" methods="7" coveredmethods="7" conditionals="0" coveredconditionals="0" statements="13" coveredstatements="13" elements="20" coveredelements="20"/>
        </class>
        <line num="39" type="method" name="__construct" visibility="public" complexity="1" crap="1" count="1"/>
        <line num="41" type="stmt" count="1"/>
        <line num="42" type="stmt" count="1"/>
        <line num="43" type="stmt" count="1"/>
        <line num="44" type="stmt" count="1"/>
        <line num="45" type="stmt" count="1"/>
        <line num="46" type="stmt" count="1"/>
        <line num="47" type="stmt" count="1"/>
        <line num="54" type="method" name="getAccountId" visibility="public" complexity="1" crap="1" count="1"/>
        <line num="56" type="stmt" count="1"/>
        <line num="64" type="method" name="getConsumerKey" visibility="public" complexity="1" crap="1" count="1"/>
        <line num="66" type="stmt" count="1"/>
        <line num="74" type="method" name="getConsumerSecret" visibility="public" complexity="1" crap="1" count="1"/>
        <line num="76" type="stmt" count="1"/>
        <line num="84" type="method" name="getToken" visibility="public" complexity="1" crap="1" count="1"/>
        <line num="86" type="stmt" count="1"/>
        <line num="94" type="method" name="getTokenSecret" visibility="public" complexity="1" crap="1" count="1"/>
        <line num="96" type="stmt" count="1"/>
        <line num="103" type="method" name="getUsername" visibility="public" complexity="1" crap="1" count="1"/>
        <line num="105" type="stmt" count="1"/>
        <metrics loc="106" ncloc="52" classes="1" methods="7" coveredmethods="7" conditionals="0" coveredconditionals="0" statements="13" coveredstatements="13" elements="20" coveredelements="20"/>
      </file>
    </package>
    <package name="CwsOps\LivePerson">
      <file name="/Users/james/PhpstormProjects/liveperson/src/Engage.php">
        <class name="CwsOps\LivePerson\Engage" namespace="CwsOps\LivePerson">
          <metrics complexity="11" methods="7" coveredmethods="0" conditionals="0" coveredconditionals="0" statements="71" coveredstatements="0" elements="78" coveredelements="0"/>
        </class>
        <line num="43" type="method" name="__construct" visibility="public" complexity="2" crap="6" count="0"/>
        <line num="44" type="stmt" count="0"/>
        <line num="45" type="stmt" count="0"/>
        <line num="46" type="stmt" count="0"/>
        <line num="47" type="stmt" count="0"/>
        <line num="48" type="stmt" count="0"/>
        <line num="49" type="stmt" count="0"/>
        <line num="63" type="method" name="visitor" visibility="public" complexity="2" crap="6" count="0"/>
        <line num="64" type="stmt" count="0"/>
        <line num="65" type="stmt" count="0"/>
        <line num="66" type="stmt" count="0"/>
        <line num="67" type="stmt" count="0"/>
        <line num="68" type="stmt" count="0"/>
        <line num="69" type="stmt" count="0"/>
        <line num="70" type="stmt" count="0"/>
        <line num="71" type="stmt" count="0"/>
        <line num="72" type="stmt" count="0"/>
        <line num="73" type="stmt" count="0"/>
        <line num="76" type="stmt" count="0"/>
        <line num="77" type="stmt" count="0"/>
        <line num="78" type="stmt" count="0"/>
        <line num="91" type="method" name="retrieveMessageHistory" visibility="public" complexity="2" crap="6" count="0"/>
        <line num="92" type="stmt" count="0"/>
        <line num="93" type="stmt" count="0"/>
        <line num="94" type="stmt" count="0"/>
        <line num="95" type="stmt" count="0"/>
        <line num="96" type="stmt" count="0"/>
        <line num="97" type="stmt" count="0"/>
        <line num="98" type="stmt" count="0"/>
        <line num="100" type="stmt" count="0"/>
        <line num="101" type="stmt" count="0"/>
        <line num="102" type="stmt" count="0"/>
        <line num="103" type="stmt" count="0"/>
        <line num="104" type="stmt" count="0"/>
        <line num="105" type="stmt" count="0"/>
        <line num="106" type="stmt" count="0"/>
        <line num="107" type="stmt" count="0"/>
        <line num="109" type="stmt" count="0"/>
        <line num="110" type="stmt" count="0"/>
        <line num="111" type="stmt" count="0"/>
        <line num="113" type="stmt" count="0"/>
        <line num="114" type="stmt" count="0"/>
        <line num="124" type="method" name="getAgentStatus" visibility="public" complexity="1" crap="2" count="0"/>
        <line num="125" type="stmt" count="0"/>
        <line num="126" type="stmt" count="0"/>
        <line num="127" type="stmt" count="0"/>
        <line num="128" type="stmt" count="0"/>
        <line num="129" type="stmt" count="0"/>
        <line num="130" type="stmt" count="0"/>
        <line num="132" type="stmt" count="0"/>
        <line num="134" type="stmt" count="0"/>
        <line num="135" type="stmt" count="0"/>
        <line num="147" type="method" name="getAgents" visibility="public" complexity="2" crap="6" count="0"/>
        <line num="148" type="stmt" count="0"/>
        <line num="149" type="stmt" count="0"/>
        <line num="151" type="stmt" count="0"/>
        <line num="152" type="stmt" count="0"/>
        <line num="153" type="stmt" count="0"/>
        <line num="155" type="stmt" count="0"/>
        <line num="156" type="stmt" count="0"/>
        <line num="157" type="stmt" count="0"/>
        <line num="158" type="stmt" count="0"/>
        <line num="159" type="stmt" count="0"/>
        <line num="160" type="stmt" count="0"/>
        <line num="162" type="stmt" count="0"/>
        <line num="164" type="stmt" count="0"/>
        <line num="166" type="stmt" count="0"/>
        <line num="167" type="stmt" count="0"/>
        <line num="174" type="method" name="status" visibility="public" complexity="1" crap="2" count="0"/>
        <line num="175" type="stmt" count="0"/>
        <line num="176" type="stmt" count="0"/>
        <line num="178" type="stmt" count="0"/>
        <line num="180" type="stmt" count="0"/>
        <line num="181" type="stmt" count="0"/>
        <line num="190" type="method" name="dateTimeToMilliseconds" visibility="private" complexity="1" crap="2" count="0"/>
        <line num="191" type="stmt" count="0"/>
        <line num="192" type="stmt" count="0"/>
        <line num="193" type="stmt" count="0"/>
        <metrics loc="194" ncloc="125" classes="1" methods="7" coveredmethods="0" conditionals="0" coveredconditionals="0" statements="71" coveredstatements="0" elements="78" coveredelements="0"/>
      </file>
    </package>
    <package name="CwsOps\LivePerson\Rest">
      <file name="/Users/james/PhpstormProjects/liveperson/src/Rest/BuilderLockedException.php">
        <class name="CwsOps\LivePerson\Rest\BuilderLockedException" namespace="CwsOps\LivePerson\Rest" fullPackage="CwsOps" package="CwsOps">
          <metrics complexity="1" methods="1" coveredmethods="1" conditionals="0" coveredconditionals="0" statements="3" coveredstatements="3" elements="4" coveredelements="4"/>
        </class>
        <line num="20" type="method" name="__construct" visibility="public" complexity="1" crap="1" count="1"/>
        <line num="22" type="stmt" count="1"/>
        <line num="23" type="stmt" count="1"/>
        <line num="24" type="stmt" count="1"/>
        <metrics loc="24" ncloc="11" classes="1" methods="1" coveredmethods="1" conditionals="0" coveredconditionals="0" statements="3" coveredstatements="3" elements="4" coveredelements="4"/>
      </file>
      <file name="/Users/james/PhpstormProjects/liveperson/src/Rest/Request.php">
        <class name="CwsOps\LivePerson\Rest\Request" namespace="CwsOps\LivePerson\Rest" fullPackage="CwsOps" package="CwsOps">
          <metrics complexity="17" methods="3" coveredmethods="3" conditionals="0" coveredconditionals="0" statements="11" coveredstatements="11" elements="14" coveredelements="14"/>
        </class>
        <line num="69" type="method" name="__construct" visibility="public" complexity="1" crap="1" count="1"/>
        <line num="71" type="stmt" count="1"/>
        <line num="72" type="stmt" count="1"/>
        <line num="73" type="stmt" count="1"/>
        <line num="76" type="stmt" count="1"/>
        <line num="77" type="stmt" count="1"/>
        <line num="78" type="stmt" count="1"/>
        <line num="201" type="method" name="getClient" visibility="public" complexity="2" crap="2" count="1"/>
        <line num="203" type="stmt" count="1"/>
        <line num="204" type="stmt" count="1"/>
        <line num="207" type="stmt" count="1"/>
        <line num="215" type="method" name="setClient" visibility="public" complexity="1" crap="1" count="1"/>
        <line num="217" type="stmt" count="1"/>
        <line num="218" type="stmt" count="1"/>
        <metrics loc="241" ncloc="146" classes="1" methods="3" coveredmethods="3" conditionals="0" coveredconditionals="0" statements="11" coveredstatements="11" elements="14" coveredelements="14"/>
      </file>
      <file name="/Users/james/PhpstormProjects/liveperson/src/Rest/URLNotBuiltException.php">
        <class name="CwsOps\LivePerson\Rest\URLNotBuiltException" namespace="CwsOps\LivePerson\Rest" fullPackage="CwsOps" package="CwsOps">
          <metrics complexity="1" methods="1" coveredmethods="1" conditionals="0" coveredconditionals="0" statements="3" coveredstatements="3" elements="4" coveredelements="4"/>
        </class>
        <line num="18" type="method" name="__construct" visibility="public" complexity="1" crap="1" count="1"/>
        <line num="20" type="stmt" count="1"/>
        <line num="22" type="stmt" count="1"/>
        <line num="23" type="stmt" count="1"/>
        <metrics loc="23" ncloc="12" classes="1" methods="1" coveredmethods="1" conditionals="0" coveredconditionals="0" statements="3" coveredstatements="3" elements="4" coveredelements="4"/>
      </file>
      <file name="/Users/james/PhpstormProjects/liveperson/src/Rest/UrlBuilder.php">
        <class name="CwsOps\LivePerson\Rest\UrlBuilder" namespace="CwsOps\LivePerson\Rest" fullPackage="CwsOps" package="CwsOps">
          <metrics complexity="32" methods="15" coveredmethods="6" conditionals="0" coveredconditionals="0" statements="70" coveredstatements="61" elements="85" coveredelements="67"/>
        </class>
        <line num="55" type="method" name="create" visibility="public" complexity="2" crap="2.06" count="3"/>
        <line num="57" type="stmt" count="3"/>
        <line num="58" type="stmt" count="0"/>
        <line num="60" type="stmt" count="3"/>
        <line num="62" type="stmt" count="3"/>
        <line num="74" type="method" name="setDomain" visibility="public" complexity="2" crap="2.06" count="1"/>
        <line num="76" type="stmt" count="1"/>
        <line num="77" type="stmt" count="0"/>
        <line num="79" type="stmt" count="1"/>
        <line num="81" type="stmt" count="1"/>
        <line num="93" type="method" name="setService" visibility="public" complexity="2" crap="2.06" count="2"/>
        <line num="95" type="stmt" count="2"/>
        <line num="96" type="stmt" count="0"/>
        <line num="99" type="stmt" count="2"/>
        <line num="101" type="stmt" count="2"/>
        <line num="111" type="method" name="addActionContext" visibility="public" complexity="2" crap="2.06" count="1"/>
        <line num="113" type="stmt" count="1"/>
        <line num="114" type="stmt" count="0"/>
        <line num="117" type="stmt" count="1"/>
        <line num="119" type="stmt" count="1"/>
        <line num="131" type="method" name="setAction" visibility="public" complexity="2" crap="2" count="2"/>
        <line num="133" type="stmt" count="2"/>
        <line num="134" type="stmt" count="1"/>
        <line num="137" type="stmt" count="1"/>
        <line num="139" type="stmt" count="1"/>
        <line num="151" type="method" name="setAccount" visibility="public" complexity="2" crap="2.06" count="2"/>
        <line num="153" type="stmt" count="2"/>
        <line num="154" type="stmt" count="0"/>
        <line num="157" type="stmt" count="2"/>
        <line num="159" type="stmt" count="2"/>
        <line num="169" type="method" name="hasQueryParam" visibility="public" complexity="1" crap="1" count="3"/>
        <line num="171" type="stmt" count="3"/>
        <line num="173" type="stmt" count="3"/>
        <line num="187" type="method" name="addQueryParam" visibility="public" complexity="4" crap="4.05" count="3"/>
        <line num="189" type="stmt" count="3"/>
        <line num="190" type="stmt" count="0"/>
        <line num="193" type="stmt" count="3"/>
        <line num="194" type="stmt" count="1"/>
        <line num="197" type="stmt" count="2"/>
        <line num="198" type="stmt" count="2"/>
        <line num="201" type="stmt" count="2"/>
        <line num="213" type="method" name="setVersion" visibility="public" complexity="2" crap="2.06" count="2"/>
        <line num="215" type="stmt" count="2"/>
        <line num="216" type="stmt" count="0"/>
        <line num="218" type="stmt" count="2"/>
        <line num="219" type="stmt" count="2"/>
        <line num="227" type="method" name="build" visibility="public" complexity="1" crap="1" count="3"/>
        <line num="229" type="stmt" count="3"/>
        <line num="230" type="stmt" count="3"/>
        <line num="231" type="stmt" count="3"/>
        <line num="241" type="method" name="getUrl" visibility="public" complexity="2" crap="2.02" count="3"/>
        <line num="243" type="stmt" count="3"/>
        <line num="244" type="stmt" count="0"/>
        <line num="247" type="stmt" count="3"/>
        <line num="248" type="stmt" count="3"/>
        <line num="249" type="stmt" count="3"/>
        <line num="251" type="stmt" count="3"/>
        <line num="259" type="method" name="isUrlBuilt" visibility="public" complexity="1" crap="1" count="1"/>
        <line num="261" type="stmt" count="1"/>
        <line num="269" type="method" name="createUrl" visibility="private" complexity="4" crap="4.00" count="1"/>
        <line num="272" type="stmt" count="1"/>
        <line num="275" type="stmt" count="1"/>
        <line num="276" type="stmt" count="1"/>
        <line num="277" type="stmt" count="1"/>
        <line num="278" type="stmt" count="1"/>
        <line num="279" type="stmt" count="1"/>
        <line num="280" type="stmt" count="1"/>
        <line num="283" type="stmt" count="1"/>
        <line num="284" type="stmt" count="1"/>
        <line num="285" type="stmt" count="1"/>
        <line num="286" type="stmt" count="1"/>
        <line num="289" type="stmt" count="1"/>
        <line num="291" type="stmt" count="0"/>
        <line num="294" type="stmt" count="1"/>
        <line num="295" type="stmt" count="1"/>
        <line num="308" type="method" name="addToUrl" visibility="private" complexity="3" crap="3" count="1"/>
        <line num="310" type="stmt" count="1"/>
        <line num="311" type="stmt" count="1"/>
        <line num="313" type="stmt" count="1"/>
        <line num="314" type="stmt" count="1"/>
        <line num="317" type="stmt" count="1"/>
        <line num="321" type="method" name="isValid" visibility="private" complexity="2" crap="2" count="1"/>
        <line num="323" type="stmt" count="1"/>
        <line num="324" type="stmt" count="1"/>
        <line num="326" type="stmt" count="1"/>
        <metrics loc="328" ncloc="183" classes="1" methods="15" coveredmethods="6" conditionals="0" coveredconditionals="0" statements="70" coveredstatements="61" elements="85" coveredelements="67"/>
      </file>
    </package>
    <package name="CwsOps\LivePerson\Services">
      <file name="/Users/james/PhpstormProjects/liveperson/src/Services/AbstractService.php">
        <class name="CwsOps\LivePerson\Services\AbstractService" namespace="CwsOps\LivePerson\Services" fullPackage="CwsOps" package="CwsOps">
          <metrics complexity="17" methods="3" coveredmethods="3" conditionals="0" coveredconditionals="0" statements="12" coveredstatements="12" elements="15" coveredelements="15"/>
        </class>
        <line num="54" type="method" name="__construct" visibility="public" complexity="2" crap="2" count="3"/>
        <line num="56" type="stmt" count="3"/>
        <line num="57" type="stmt" count="1"/>
        <line num="58" type="stmt" count="1"/>
        <line num="59" type="stmt" count="1"/>
        <line num="64" type="stmt" count="2"/>
        <line num="65" type="stmt" count="2"/>
        <line num="66" type="stmt" count="2"/>
        <line num="68" type="stmt" count="2"/>
        <line num="69" type="stmt" count="2"/>
        <line num="74" type="method" name="getRequest" visibility="public" complexity="1" crap="1" count="1"/>
        <line num="76" type="stmt" count="1"/>
        <line num="102" type="method" name="getResponse" visibility="public" complexity="2" crap="2" count="2"/>
        <line num="104" type="stmt" count="2"/>
        <line num="105" type="stmt" count="1"/>
        <metrics loc="201" ncloc="110" classes="1" methods="3" coveredmethods="3" conditionals="0" coveredconditionals="0" statements="12" coveredstatements="12" elements="15" coveredelements="15"/>
      </file>
      <file name="/Users/james/PhpstormProjects/liveperson/src/Services/EngagementService.php">
        <class name="CwsOps\LivePerson\Services\EngagementService" namespace="CwsOps\LivePerson\Services" fullPackage="CwsOps" package="CwsOps">
          <metrics complexity="5" methods="2" coveredmethods="0" conditionals="0" coveredconditionals="0" statements="27" coveredstatements="0" elements="29" coveredelements="0"/>
        </class>
        <line num="32" type="method" name="interactionHistory" visibility="public" complexity="3" crap="12" count="0"/>
        <line num="33" type="stmt" count="0"/>
        <line num="34" type="stmt" count="0"/>
        <line num="35" type="stmt" count="0"/>
        <line num="36" type="stmt" count="0"/>
        <line num="38" type="stmt" count="0"/>
        <line num="39" type="stmt" count="0"/>
        <line num="40" type="stmt" count="0"/>
        <line num="41" type="stmt" count="0"/>
        <line num="42" type="stmt" count="0"/>
        <line num="43" type="stmt" count="0"/>
        <line num="44" type="stmt" count="0"/>
        <line num="45" type="stmt" count="0"/>
        <line num="46" type="stmt" count="0"/>
        <line num="48" type="stmt" count="0"/>
        <line num="49" type="stmt" count="0"/>
        <line num="50" type="stmt" count="0"/>
        <line num="51" type="stmt" count="0"/>
        <line num="52" type="stmt" count="0"/>
        <line num="53" type="stmt" count="0"/>
        <line num="54" type="stmt" count="0"/>
        <line num="55" type="stmt" count="0"/>
        <line num="56" type="stmt" count="0"/>
        <line num="58" type="stmt" count="0"/>
        <line num="59" type="stmt" count="0"/>
        <line num="79" type="method" name="getService" visibility="protected" complexity="1" crap="2" count="0"/>
        <line num="80" type="stmt" count="0"/>
        <line num="81" type="stmt" count="0"/>
        <line num="82" type="stmt" count="0"/>
        <metrics loc="82" ncloc="45" classes="1" methods="2" coveredmethods="0" conditionals="0" coveredconditionals="0" statements="27" coveredstatements="0" elements="29" coveredelements="0"/>
      </file>
      <file name="/Users/james/PhpstormProjects/liveperson/src/Services/OperationalRTService.php">
        <class name="CwsOps\LivePerson\Services\OperationalRTService" namespace="CwsOps\LivePerson\Services" fullPackage="CwsOps" package="CwsOps">
          <metrics complexity="37" methods="2" coveredmethods="2" conditionals="0" coveredconditionals="0" statements="4" coveredstatements="4" elements="6" coveredelements="6"/>
        </class>
        <line num="285" type="method" name="isTimeFrameValid" visibility="private" complexity="3" crap="3" count="1"/>
        <line num="287" type="stmt" count="1"/>
        <line num="290" type="stmt" count="1"/>
        <line num="302" type="method" name="isIntervalValid" visibility="private" complexity="4" crap="4" count="1"/>
        <line num="304" type="stmt" count="1"/>
        <line num="307" type="stmt" count="1"/>
        <metrics loc="309" ncloc="202" classes="1" methods="2" coveredmethods="2" conditionals="0" coveredconditionals="0" statements="4" coveredstatements="4" elements="6" coveredelements="6"/>
      </file>
      <file name="/Users/james/PhpstormProjects/liveperson/src/Services/RequestNotSentException.php">
        <class name="CwsOps\LivePerson\Services\RequestNotSentException" namespace="CwsOps\LivePerson\Services" fullPackage="CwsOps" package="CwsOps">
          <metrics complexity="1" methods="1" coveredmethods="1" conditionals="0" coveredconditionals="0" statements="2" coveredstatements="2" elements="3" coveredelements="3"/>
        </class>
        <line num="17" type="method" name="__construct" visibility="public" complexity="1" crap="1" count="1"/>
        <line num="19" type="stmt" count="1"/>
        <line num="20" type="stmt" count="1"/>
        <metrics loc="20" ncloc="10" classes="1" methods="1" coveredmethods="1" conditionals="0" coveredconditionals="0" statements="2" coveredstatements="2" elements="3" coveredelements="3"/>
      </file>
    </package>
    <package name="CwsOps\LivePerson\Traits">
      <file name="/Users/james/PhpstormProjects/liveperson/src/Traits/HasLoggerTrait.php">
        <class name="HasLoggerTrait" namespace="CwsOps\LivePerson\Traits" fullPackage="CwsOps" package="CwsOps">
          <metrics complexity="2" methods="0" coveredmethods="0" conditionals="0" coveredconditionals="0" statements="0" coveredstatements="0" elements="0" coveredelements="0"/>
        </class>
        <metrics loc="35" ncloc="17" classes="0" methods="0" coveredmethods="0" conditionals="0" coveredconditionals="0" statements="0" coveredstatements="0" elements="0" coveredelements="0"/>
      </file>
    </package>
    <metrics files="11" loc="1563" ncloc="913" classes="10" methods="42" coveredmethods="24" conditionals="0" coveredconditionals="0" statements="216" coveredstatements="109" elements="258" coveredelements="133"/>
  </project>
</coverage>
